700 PUSH1
697 PUSH1
694 MSTORE
682 PUSH1
679 CALLDATALOAD
676 PUSH29
673 SWAP1
670 DIV
665 DUP1
662 PUSH4
659 EQ
656 PUSH1
653 JUMPI
643 JUMPDEST
642 PUSH1
639 PUSH1
636 POP
634 PUSH1
631 JUMP
623 JUMPDEST
622 PUSH1
619 PUSH1
616 SWAP1
613 POP
611 JUMPDEST
610 PUSH2
607 GAS
605 GT
602 ISZERO
599 PUSH1
596 JUMPI
586 JUMPDEST
585 JUMPDEST
584 POP
582 JUMP
574 JUMPDEST
573 STOP
its 37
vm took 2.274606ms
alloc:      596720
tot alloc:  1046400
no. malloc: 6105
heap alloc: 596720
heap objs:  2519
num gc:     9
OUT: 0x
