700 STOP
697 PUSH1
694 PUSH1
682 MSTORE
679 PUSH1
676 CALLDATALOAD
673 PUSH29
670 SWAP1
665 DIV
662 DUP1
659 PUSH4
656 EQ
653 PUSH1
643 JUMPI
642 JUMPDEST
639 PUSH1
636 PUSH1
634 POP
631 PUSH1
623 JUMP
622 JUMPDEST
619 PUSH1
616 PUSH1
613 SWAP1
611 POP
610 JUMPDEST
607 PUSH2
605 GAS
602 GT
599 ISZERO
596 PUSH1
586 JUMPI
585 JUMPDEST
584 JUMPDEST
582 POP
574 JUMP
573 JUMPDEST
iterations 37
vm took 1.229683ms
alloc:      611040
tot alloc:  1040504
no. malloc: 6089
heap alloc: 611040
heap objs:  2844
num gc:     8
OUT: 0x
